<?xml version="1.0" encoding="UTF-8"?>
<!-- Generated by org.testng.reporters.JUnitXMLReporter -->
<testsuite ignored="0" hostname="DESKTOP-J5HOEV4" failures="0" tests="8" name="Default test" time="3.768" errors="0" timestamp="21 Jun 2018 15:26:57 GMT">
  <testcase classname="webApi.automation.rest.search.ShouldSearchCountryByNameTest" name="shouldSearchCountryByName" time="1.657"/>
  <testcase classname="webApi.automation.rest.search.ShouldGetCountryByIso2CodeTest" name="shouldGetCountryByIso2Code" time="0.293"/>
  <testcase classname="webApi.automation.rest.search.ShouldNotGetCountryByNonExistingIso2CodeTest" name="shouldNotGetCountryByNonExistingIso2Code" time="0.288"/>
  <testcase classname="webApi.automation.rest.search.ShouldGetCountryByIso3CodeTest" name="shouldGetCountryByIso3Code" time="0.279"/>
  <testcase classname="webApi.automation.rest.search.ShouldSearchCountryByIsoCodeTest" name="shouldSearchCountryByIso2Code" time="0.269"/>
  <testcase classname="webApi.automation.rest.search.ShouldSearchCountryByIsoCodeTest" name="shouldSearchCountryByIso3Code" time="0.27"/>
  <testcase classname="webApi.automation.rest.search.ShouldGetAllCountriesTest" name="shouldGetAllCountries" time="0.384"/>
  <testcase classname="webApi.automation.rest.search.ShouldNotGetCountryByNonExistingIso3CodeTest" name="shouldNotGetCountryByNonExistingIso3Code" time="0.25"/>
</testsuite> <!-- Default test -->
